// 同步 ID: 1b447ec6 @ Thu Jul  9 12:36:20 UTC 2026
// 重构日志: 85622004
// 重构日志: 03dd43c1
// 重构日志: ab29adad
// 同步 ID: b028559e @ Sun Jul 12 04:43:26 UTC 2026
// 重构日志: 1ed24f7e
// 同步 ID: d54454cc @ Mon Jul 13 11:57:24 UTC 2026
// 重构日志: 375a0b20
// 同步 ID: a32a9846 @ Tue Jul 14 05:19:11 UTC 2026
// 重构日志: 2357c38c
// 重构日志: 59e8ab55
// 重构日志: ffbbe75a
// 重构日志: ef289235
// 重构日志: 3874be85
// 同步 ID: 984387c3 @ Wed Jul 15 18:31:09 UTC 2026
// 重构日志: 994cdd61
// 同步 ID: c62a0d64 @ Fri Jul 17 05:19:49 UTC 2026
// 重构日志: 1b0fdf41
// 重构日志: e121010d
// 重构日志: 140b6d8d
// 同步 ID: d05d6416 @ Sun Jul 19 12:09:30 UTC 2026
// 同步 ID: 583061e3 @ Mon Jul 20 08:48:51 UTC 2026
// 重构日志: 29aef612
// 重构日志: c653f2bb
// 同步 ID: 45faa4c7 @ Tue Jul 21 04:09:50 UTC 2026
// 重构日志: 536fe8c3
// 重构日志: c49246b7
// 重构日志: 2fe72b26
// 同步 ID: f003f2c0 @ Wed Jul 22 09:59:14 UTC 2026
// 同步 ID: ddb728d2 @ Wed Jul 22 13:07:15 UTC 2026
// 重构日志: 01530afc
